[angfuzsoft.com/html/acadu/demo/index-6.html]
[backblue.gif]
[fade.gif]
[index.html]
[angfuzsoft.com/html/acadu/demo/assets/img/favicons/apple-icon-57x57.png]
[angfuzsoft.com/html/acadu/demo/assets/img/favicons/apple-icon-60x60.png]
[angfuzsoft.com/html/acadu/demo/assets/img/favicons/apple-icon-72x72.png]
[angfuzsoft.com/html/acadu/demo/assets/img/favicons/apple-icon-76x76.png]
[angfuzsoft.com/html/acadu/demo/assets/img/favicons/apple-icon-114x114.png]
[angfuzsoft.com/html/acadu/demo/assets/img/favicons/apple-icon-120x120.png]
[angfuzsoft.com/html/acadu/demo/assets/img/favicons/apple-icon-144x144.png]
[angfuzsoft.com/html/acadu/demo/assets/img/favicons/apple-icon-152x152.png]
[angfuzsoft.com/html/acadu/demo/assets/img/favicons/apple-icon-180x180.png]
[angfuzsoft.com/html/acadu/demo/assets/img/favicons/android-icon-192x192.png]
[angfuzsoft.com/html/acadu/demo/assets/img/favicons/favicon-32x32.png]
[angfuzsoft.com/html/acadu/demo/assets/img/favicons/favicon-96x96.png]
[angfuzsoft.com/html/acadu/demo/assets/img/favicons/favicon-16x16.png]
[angfuzsoft.com/html/acadu/demo/assets/img/favicons/manifest.json]
[angfuzsoft.com/html/acadu/demo/assets/img/favicons/ms-icon-144x144.png]
[angfuzsoft.com/html/acadu/demo/assets/css/app.min.css]
[angfuzsoft.com/html/acadu/demo/assets/css/fontawesome.min.css]
[angfuzsoft.com/html/acadu/demo/assets/img/hero/hero_img_2_2.png]
[angfuzsoft.com/html/acadu/demo/assets/img/hero/shape_2_5.png]
[angfuzsoft.com/html/acadu/demo/assets/img/hero/shape_2_1.png]
[angfuzsoft.com/html/acadu/demo/assets/img/hero/shape_2_2.png]
[angfuzsoft.com/html/acadu/demo/assets/img/hero/shape_2_3.png]
[angfuzsoft.com/html/acadu/demo/assets/img/hero/shape_2_4.png]
[angfuzsoft.com/html/acadu/demo/assets/img/icon/category_1_1.svg]
[angfuzsoft.com/html/acadu/demo/assets/img/icon/category_1_2.svg]
[angfuzsoft.com/html/acadu/demo/assets/img/icon/category_1_3.svg]
[angfuzsoft.com/html/acadu/demo/assets/img/icon/category_1_4.svg]
[angfuzsoft.com/html/acadu/demo/assets/img/icon/category_1_5.svg]
[angfuzsoft.com/html/acadu/demo/assets/img/icon/category_1_6.svg]
[angfuzsoft.com/html/acadu/demo/assets/img/bg/about_bg_1.jpg]
[angfuzsoft.com/html/acadu/demo/assets/img/normal/about_2_1.jpg]
[angfuzsoft.com/html/acadu/demo/assets/img/icon/counter_1_1.svg]
[angfuzsoft.com/html/acadu/demo/assets/img/icon/counter_1_2.svg]
[angfuzsoft.com/html/acadu/demo/assets/img/icon/counter_1_3.svg]
[angfuzsoft.com/html/acadu/demo/assets/img/bg/cta_bg_4.jpg]
[angfuzsoft.com/html/acadu/demo/assets/img/bg/bg_overlay_3.png]
[angfuzsoft.com/html/acadu/demo/assets/img/course/course_3_1.jpg]
[angfuzsoft.com/html/acadu/demo/assets/img/course/author_2.jpg]
[angfuzsoft.com/html/acadu/demo/assets/img/course/course_3_2.jpg]
[angfuzsoft.com/html/acadu/demo/assets/img/course/course_3_3.jpg]
[angfuzsoft.com/html/acadu/demo/assets/img/course/course_3_4.jpg]
[angfuzsoft.com/html/acadu/demo/assets/img/course/course_3_5.jpg]
[angfuzsoft.com/html/acadu/demo/assets/img/course/course_3_6.jpg]
[angfuzsoft.com/html/acadu/demo/assets/img/normal/mockup_1_1.jpg]
[angfuzsoft.com/html/acadu/demo/assets/img/normal/mockup_1_2.jpg]
[angfuzsoft.com/html/acadu/demo/assets/img/normal/mockup_shape.png]
[angfuzsoft.com/html/acadu/demo/assets/img/shape/line_2.png]
[angfuzsoft.com/html/acadu/demo/assets/img/normal/video_1.jpg]
[angfuzsoft.com/html/acadu/demo/assets/img/shape/circle_5.png]
[angfuzsoft.com/html/acadu/demo/assets/img/shape/hex_1.png]
[angfuzsoft.com/html/acadu/demo/assets/img/bg/team_bg_1.jpg]
[angfuzsoft.com/html/acadu/demo/assets/img/team/team_1_1.jpg]
[angfuzsoft.com/html/acadu/demo/assets/img/team/team_1_2.jpg]
[angfuzsoft.com/html/acadu/demo/assets/img/team/team_1_3.jpg]
[angfuzsoft.com/html/acadu/demo/assets/img/testimonial/testi_2_1.jpg]
[angfuzsoft.com/html/acadu/demo/assets/img/testimonial/testi_2_2.jpg]
[angfuzsoft.com/html/acadu/demo/assets/img/testimonial/testi_2_3.jpg]
[angfuzsoft.com/html/acadu/demo/assets/img/bg/bg_overlay_4.png]
[angfuzsoft.com/html/acadu/demo/assets/img/normal/mockup_2_1.png]
[angfuzsoft.com/html/acadu/demo/assets/img/blog/blog_2_1.jpg]
[angfuzsoft.com/html/acadu/demo/assets/img/blog/blog_2_2.jpg]
[angfuzsoft.com/html/acadu/demo/assets/img/blog/blog_2_3.jpg]
[angfuzsoft.com/html/acadu/demo/assets/img/blog/blog_2_4.jpg]
[angfuzsoft.com/html/acadu/demo/assets/img/shape/shadow_1.png]
[angfuzsoft.com/html/acadu/demo/assets/img/insta/insta_1_1.jpg]
[angfuzsoft.com/html/acadu/demo/assets/img/insta/insta_1_2.jpg]
[angfuzsoft.com/html/acadu/demo/assets/img/insta/insta_1_3.jpg]
[angfuzsoft.com/html/acadu/demo/assets/img/insta/insta_1_4.jpg]
[angfuzsoft.com/html/acadu/demo/assets/img/insta/insta_1_5.jpg]
[angfuzsoft.com/html/acadu/demo/assets/img/insta/insta_1_6.jpg]
[angfuzsoft.com/html/acadu/demo/assets/img/logo-white2.svg]
[angfuzsoft.com/html/acadu/demo/assets/img/shape/footer_shape_4.png]
[angfuzsoft.com/html/acadu/demo/assets/img/shape/footer_shape_5.png]
[angfuzsoft.com/html/acadu/demo/index-6.html]
[angfuzsoft.com/html/acadu/demo/assets/js/vendor/jquery-3.6.0.min.js]
[angfuzsoft.com/html/acadu/demo/assets/js/main.js]
[angfuzsoft.com/html/acadu/demo/assets/js/app.min.js]
[angfuzsoft.com/html/acadu/demo/assets/css/app.min.css]
[angfuzsoft.com/html/acadu/demo/assets/fonts/fontawesome/fa-brands-400.woff2]
[angfuzsoft.com/html/acadu/demo/assets/fonts/fontawesome/fa-duotone-900.woff2]
[angfuzsoft.com/html/acadu/demo/assets/fonts/fontawesome/fa-light-300.woff2]
[angfuzsoft.com/html/acadu/demo/assets/fonts/fontawesome/fa-brands-400.ttf]
[angfuzsoft.com/html/acadu/demo/assets/fonts/fontawesome/fa-regular-400.woff2]
[angfuzsoft.com/html/acadu/demo/assets/fonts/fontawesome/fa-light-300.ttf]
[angfuzsoft.com/html/acadu/demo/assets/fonts/fontawesome/fa-duotone-900.ttf]
[angfuzsoft.com/html/acadu/demo/assets/fonts/fontawesome/fa-solid-900.woff2]
[angfuzsoft.com/html/acadu/demo/assets/fonts/fontawesome/fa-thin-100.woff2]
[angfuzsoft.com/html/acadu/demo/assets/css/fontawesome.min.css]
[angfuzsoft.com/html/acadu/demo/assets/fonts/fontawesome/fa-regular-400.ttf]
[angfuzsoft.com/html/acadu/demo/assets/css/style.css]
[angfuzsoft.com/html/acadu/demo/assets/fonts/fontawesome/fa-solid-900.ttf]
[angfuzsoft.com/html/acadu/demo/index.html]
[angfuzsoft.com/html/acadu/demo/assets/img/logo.svg]
[angfuzsoft.com/html/acadu/demo/index-2.html]
[angfuzsoft.com/html/acadu/demo/index-4.html]
[angfuzsoft.com/html/acadu/demo/assets/fonts/fontawesome/fa-thin-100.ttf]
[angfuzsoft.com/html/acadu/demo/index-7.html]
[angfuzsoft.com/html/acadu/demo/course.html]
[angfuzsoft.com/html/acadu/demo/index-8.html]
[angfuzsoft.com/html/acadu/demo/course-details.html]
[angfuzsoft.com/html/acadu/demo/index-3.html]
[angfuzsoft.com/html/acadu/demo/team.html]
[angfuzsoft.com/html/acadu/demo/team-details.html]
[angfuzsoft.com/html/acadu/demo/about.html]
[angfuzsoft.com/html/acadu/demo/about-2.html]
[angfuzsoft.com/html/acadu/demo/shop.html]
[angfuzsoft.com/html/acadu/demo/blog-details.html]
[angfuzsoft.com/html/acadu/demo/event.html]
[angfuzsoft.com/html/acadu/demo/index-5.html]
[angfuzsoft.com/html/acadu/demo/event-details.html]
[angfuzsoft.com/html/acadu/demo/contact.html]
[angfuzsoft.com/html/acadu/demo/gallery.html]
[angfuzsoft.com/html/acadu/demo/video-course.html]
[angfuzsoft.com/html/acadu/demo/cart.html]
[angfuzsoft.com/html/acadu/demo/wishlist.html]
[angfuzsoft.com/html/acadu/demo/assets/img/hero/hero_img_2_1.png]
[angfuzsoft.com/html/acadu/demo/assets/img/icon/category_1_1.svg]
[angfuzsoft.com/html/acadu/demo/assets/img/icon/category_1_2.svg]
[angfuzsoft.com/html/acadu/demo/assets/img/icon/category_1_3.svg]
[angfuzsoft.com/html/acadu/demo/assets/img/icon/category_1_4.svg]
[angfuzsoft.com/html/acadu/demo/assets/img/icon/category_1_5.svg]
[angfuzsoft.com/html/acadu/demo/assets/img/icon/category_1_6.svg]
[angfuzsoft.com/html/acadu/demo/assets/img/icon/counter_1_1.svg]
[angfuzsoft.com/html/acadu/demo/assets/img/icon/counter_1_2.svg]
[angfuzsoft.com/html/acadu/demo/assets/img/icon/counter_1_3.svg]
[angfuzsoft.com/html/acadu/demo/assets/img/logo-white2.svg]
[angfuzsoft.com/html/acadu/demo/assets/css/style.css]
[angfuzsoft.com/html/acadu/demo/blog.html]
[angfuzsoft.com/html/acadu/demo/error.html]
[angfuzsoft.com/html/acadu/demo/assets/img/cart/cart_1_1.jpg]
[angfuzsoft.com/html/acadu/demo/course]
[angfuzsoft.com/html/acadu/demo/assets/img/cart/cart_1_2.jpg]
[angfuzsoft.com/html/acadu/demo/assets/img/cart/cart_1_3.jpg]
[angfuzsoft.com/html/acadu/demo/assets/img/cart/cart_1_4.jpg]
[angfuzsoft.com/html/acadu/demo/assets/img/cart/cart_1_5.jpg]
[angfuzsoft.com/html/acadu/demo/checkout.html]
[angfuzsoft.com/html/acadu/demo/assets/img/bg/header_bg_1.png]
[angfuzsoft.com/html/acadu/demo/assets/img/bg/pattern_bg_1.png]
[angfuzsoft.com/html/acadu/demo/assets/img/hero/hero_bg_5_1.jpg]
[angfuzsoft.com/html/acadu/demo/assets/img/hero/hero_overlay_5.png]
[angfuzsoft.com/html/acadu/demo/assets/img/hero/hero_bg_5_2.jpg]
[angfuzsoft.com/html/acadu/demo/assets/img/hero/hero_bg_5_3.jpg]
[angfuzsoft.com/html/acadu/demo/assets/img/normal/about_1_1.png]
[angfuzsoft.com/html/acadu/demo/assets/img/icon/about_1_1.png]
[angfuzsoft.com/html/acadu/demo/assets/img/icon/about_1_2.png]
[angfuzsoft.com/html/acadu/demo/assets/img/shape/circle_1.png]
[angfuzsoft.com/html/acadu/demo/assets/img/shape/circle_2.png]
[angfuzsoft.com/html/acadu/demo/assets/img/shape/line_1.png]
[angfuzsoft.com/html/acadu/demo/assets/img/icon/notification.png]
[angfuzsoft.com/html/acadu/demo/assets/img/bg/course_bg_1.jpg]
[angfuzsoft.com/html/acadu/demo/assets/img/course/course_2_1.jpg]
[angfuzsoft.com/html/acadu/demo/assets/img/course/author.jpg]
[angfuzsoft.com/html/acadu/demo/assets/img/course/course_2_2.jpg]
[angfuzsoft.com/html/acadu/demo/assets/img/course/course_2_3.jpg]
[angfuzsoft.com/html/acadu/demo/assets/img/course/course_2_4.jpg]
[angfuzsoft.com/html/acadu/demo/assets/img/bg/cta_bg_1.jpg]
[angfuzsoft.com/html/acadu/demo/assets/img/bg/bg_overlay_1.png]
[angfuzsoft.com/html/acadu/demo/service.html]
[angfuzsoft.com/html/acadu/demo/assets/img/normal/about_1_2.jpg]
[angfuzsoft.com/html/acadu/demo/assets/img/normal/student_1_1.png]
[angfuzsoft.com/html/acadu/demo/assets/img/normal/student_1_2.png]
[angfuzsoft.com/html/acadu/demo/assets/img/normal/student_1_3.png]
[angfuzsoft.com/html/acadu/demo/assets/img/normal/student_1_4.png]
[angfuzsoft.com/html/acadu/demo/assets/img/shape/dot_shape_2.png]
[angfuzsoft.com/html/acadu/demo/assets/img/bg/bg_overlay_2.png]
[angfuzsoft.com/html/acadu/demo/assets/img/normal/process_1_1.jpg]
[angfuzsoft.com/html/acadu/demo/assets/img/normal/process_1_2.jpg]
[angfuzsoft.com/html/acadu/demo/assets/img/normal/process_1_3.jpg]
[angfuzsoft.com/html/acadu/demo/assets/img/shape/plus_1.png]
[angfuzsoft.com/html/acadu/demo/assets/img/shape/square_1.png]
[angfuzsoft.com/html/acadu/demo/assets/img/bg/cta_bg_2.jpg]
[angfuzsoft.com/html/acadu/demo/assets/img/bg/cta_bg_3.jpg]
[angfuzsoft.com/html/acadu/demo/assets/img/event/event_1_1.jpg]
[angfuzsoft.com/html/acadu/demo/assets/img/event/avater.jpg]
[angfuzsoft.com/html/acadu/demo/assets/img/event/event_1_2.jpg]
[angfuzsoft.com/html/acadu/demo/assets/img/event/event_1_3.jpg]
[angfuzsoft.com/html/acadu/demo/assets/img/event/event_1_4.jpg]
[angfuzsoft.com/html/acadu/demo/assets/img/shape/dot_shape_3.png]
[angfuzsoft.com/html/acadu/demo/assets/img/shape/cloud_1.png]
[angfuzsoft.com/html/acadu/demo/assets/img/shape/cloud_2.png]
[angfuzsoft.com/html/acadu/demo/assets/img/bg/testi_bg_1.jpg]
[angfuzsoft.com/html/acadu/demo/assets/img/testimonial/testi_1_1.jpg]
[angfuzsoft.com/html/acadu/demo/assets/img/testimonial/testi_1_2.jpg]
[angfuzsoft.com/html/acadu/demo/assets/img/testimonial/testi_1_3.jpg]
[angfuzsoft.com/html/acadu/demo/assets/img/testimonial/testi_1_4.jpg]
[angfuzsoft.com/html/acadu/demo/assets/img/testimonial/testi_1_5.jpg]
[angfuzsoft.com/html/acadu/demo/assets/img/testimonial/testi_1_6.jpg]
[angfuzsoft.com/html/acadu/demo/assets/img/blog/blog_1_1.jpg]
[angfuzsoft.com/html/acadu/demo/assets/img/blog/blog_1_2.jpg]
[angfuzsoft.com/html/acadu/demo/assets/img/blog/blog_1_3.jpg]
[angfuzsoft.com/html/acadu/demo/assets/img/shape/circle_3.png]
[angfuzsoft.com/html/acadu/demo/assets/img/shape/circle_4.png]
[angfuzsoft.com/html/acadu/demo/assets/img/normal/cta_1_1.png]
[angfuzsoft.com/html/acadu/demo/assets/img/shape/dot_shape_1.png]
[angfuzsoft.com/html/acadu/demo/assets/img/logo-white.svg]
[angfuzsoft.com/html/acadu/demo/assets/img/shape/footer_shape_1.png]
[angfuzsoft.com/html/acadu/demo/assets/img/shape/footer_shape_2.png]
[angfuzsoft.com/html/acadu/demo/assets/img/shape/footer_shape_3.png]
[angfuzsoft.com/html/acadu/demo/index.html]
[angfuzsoft.com/html/acadu/demo/assets/img/logo.svg]
[angfuzsoft.com/html/acadu/demo/assets/img/bg/pattern_bg_2.png]
[angfuzsoft.com/html/acadu/demo/assets/img/hero/hero_bg_6_1.jpg]
[angfuzsoft.com/html/acadu/demo/assets/img/hero/hero_overlay_6.png]
[angfuzsoft.com/html/acadu/demo/assets/img/hero/hero_bg_6_2.jpg]
[angfuzsoft.com/html/acadu/demo/assets/img/hero/hero_bg_6_3.jpg]
[angfuzsoft.com/html/acadu/demo/index-2.html]
[angfuzsoft.com/html/acadu/demo/assets/img/hero/hero_bg_7_1.jpg]
[angfuzsoft.com/html/acadu/demo/assets/img/hero/hero_overlay_7.png]
[angfuzsoft.com/html/acadu/demo/assets/img/hero/hero_bg_7_2.jpg]
[angfuzsoft.com/html/acadu/demo/assets/img/hero/hero_bg_7_3.jpg]
[angfuzsoft.com/html/acadu/demo/assets/img/normal/vector_1.png]
[angfuzsoft.com/html/acadu/demo/assets/img/normal/vector_2.png]
[angfuzsoft.com/html/acadu/demo/assets/img/normal/about_3_1.png]
[angfuzsoft.com/html/acadu/demo/assets/img/normal/about_shape_1.png]
[angfuzsoft.com/html/acadu/demo/assets/img/shape/cloud_3.png]
[angfuzsoft.com/html/acadu/demo/assets/img/course/course_1_1.jpg]
[angfuzsoft.com/html/acadu/demo/assets/img/course/course_1_2.jpg]
[angfuzsoft.com/html/acadu/demo/assets/img/course/course_1_3.jpg]
[angfuzsoft.com/html/acadu/demo/assets/img/course/course_1_4.jpg]
[angfuzsoft.com/html/acadu/demo/assets/img/course/course_1_5.jpg]
[angfuzsoft.com/html/acadu/demo/assets/img/course/course_1_6.jpg]
[angfuzsoft.com/html/acadu/demo/assets/img/course/course_1_7.jpg]
[angfuzsoft.com/html/acadu/demo/assets/img/course/course_1_8.jpg]
[angfuzsoft.com/html/acadu/demo/assets/img/bg/testi_bg_2.jpg]
[angfuzsoft.com/html/acadu/demo/assets/img/team/team_2_1.jpg]
[angfuzsoft.com/html/acadu/demo/assets/img/team/team_2_2.jpg]
[angfuzsoft.com/html/acadu/demo/assets/img/team/team_2_3.jpg]
[angfuzsoft.com/html/acadu/demo/assets/img/team/team_2_4.jpg]
[angfuzsoft.com/html/acadu/demo/assets/img/team/team_2_5.jpg]
[angfuzsoft.com/html/acadu/demo/assets/img/normal/why_1_1.jpg]
[angfuzsoft.com/html/acadu/demo/assets/img/normal/why_1_2.jpg]
[angfuzsoft.com/html/acadu/demo/assets/img/shape/circle_6.png]
[angfuzsoft.com/html/acadu/demo/assets/img/shape/circle_7.png]
[angfuzsoft.com/html/acadu/demo/assets/img/shape/line_3.png]
[angfuzsoft.com/html/acadu/demo/assets/img/blog/blog_3_1.jpg]
[angfuzsoft.com/html/acadu/demo/assets/img/blog/blog_3_2.jpg]
[angfuzsoft.com/html/acadu/demo/assets/img/blog/blog_3_3.jpg]
[angfuzsoft.com/html/acadu/demo/assets/img/blog/blog_3_4.jpg]
[angfuzsoft.com/html/acadu/demo/assets/img/bg/footer_bg_1.jpg]
[angfuzsoft.com/html/acadu/demo/index-3.html]
[angfuzsoft.com/html/acadu/demo/assets/img/logo-white3.svg]
[angfuzsoft.com/html/acadu/demo/assets/img/hero/hero_bg_8_1.jpg]
[angfuzsoft.com/html/acadu/demo/assets/img/hero/hero_overlay_8.png]
[angfuzsoft.com/html/acadu/demo/assets/img/hero/hero_bg_8_2.jpg]
[angfuzsoft.com/html/acadu/demo/assets/img/hero/hero_bg_8_3.jpg]
[angfuzsoft.com/html/acadu/demo/assets/img/normal/about_4_1.jpg]
[angfuzsoft.com/html/acadu/demo/assets/img/normal/about_4_2.jpg]
[angfuzsoft.com/html/acadu/demo/assets/img/icon/moto_1_1.png]
[angfuzsoft.com/html/acadu/demo/assets/img/icon/moto_1_2.png]
[angfuzsoft.com/html/acadu/demo/assets/img/icon/moto_1_3.png]
[angfuzsoft.com/html/acadu/demo/assets/img/bg/category_bg_1.jpg]
[angfuzsoft.com/html/acadu/demo/assets/img/icon/category_2_1.svg]
[angfuzsoft.com/html/acadu/demo/assets/img/shape/line_4.png]
[angfuzsoft.com/html/acadu/demo/assets/img/shape/dot_shape_4.png]
[angfuzsoft.com/html/acadu/demo/assets/img/bg/why_bg_1.png]
[angfuzsoft.com/html/acadu/demo/assets/img/icon/feature_1_1.png]
[angfuzsoft.com/html/acadu/demo/assets/img/icon/feature_1_2.png]
[angfuzsoft.com/html/acadu/demo/assets/img/icon/feature_1_3.png]
[angfuzsoft.com/html/acadu/demo/assets/img/icon/feature_1_4.png]
[angfuzsoft.com/html/acadu/demo/assets/img/course/course_5_1.jpg]
[angfuzsoft.com/html/acadu/demo/assets/img/course/course_5_2.jpg]
[angfuzsoft.com/html/acadu/demo/assets/img/shape/line_5.png]
[angfuzsoft.com/html/acadu/demo/assets/img/shape/dot_shape_5.png]
[angfuzsoft.com/html/acadu/demo/assets/img/normal/vector_3.png]
[angfuzsoft.com/html/acadu/demo/assets/img/blog/blog_4_1.jpg]
[angfuzsoft.com/html/acadu/demo/assets/img/blog/blog_4_2.jpg]
[angfuzsoft.com/html/acadu/demo/assets/img/blog/blog_4_3.jpg]
[angfuzsoft.com/html/acadu/demo/assets/img/blog/blog_4_4.jpg]
[angfuzsoft.com/html/acadu/demo/assets/img/bg/footer_bg_2.jpg]
[angfuzsoft.com/html/acadu/demo/assets/img/blog/recent-post-2-1.jpg]
[angfuzsoft.com/html/acadu/demo/assets/img/blog/recent-post-2-2.jpg]
[angfuzsoft.com/html/acadu/demo/index-4.html]
[angfuzsoft.com/html/acadu/demo/assets/img/hero/hero_bg_1_1.jpg]
[angfuzsoft.com/html/acadu/demo/assets/img/hero/hero_img_1_1.png]
[angfuzsoft.com/html/acadu/demo/assets/img/hero/shape_1_1.png]
[angfuzsoft.com/html/acadu/demo/assets/img/hero/shape_1_2.png]
[angfuzsoft.com/html/acadu/demo/index-5.html]
[angfuzsoft.com/html/acadu/demo/assets/img/icon/hero_counter_1.svg]
[angfuzsoft.com/html/acadu/demo/assets/img/icon/hero_counter_2.svg]
[angfuzsoft.com/html/acadu/demo/assets/img/hero/hero_img_3_1.png]
[angfuzsoft.com/html/acadu/demo/assets/img/hero/shape_3_1.png]
[angfuzsoft.com/html/acadu/demo/assets/img/hero/shape_3_2.png]
[angfuzsoft.com/html/acadu/demo/assets/img/hero/shape_3_3.png]
[angfuzsoft.com/html/acadu/demo/assets/img/hero/shape_3_4.png]
[angfuzsoft.com/html/acadu/demo/assets/img/hero/shape_3_5.png]
[angfuzsoft.com/html/acadu/demo/assets/img/hero/shape_3_6.png]
[angfuzsoft.com/html/acadu/demo/index-7.html]
[angfuzsoft.com/html/acadu/demo/assets/img/hero/hero_bg_4_1.jpg]
[angfuzsoft.com/html/acadu/demo/assets/img/hero/shape_4_1.png]
[angfuzsoft.com/html/acadu/demo/assets/img/hero/shape_4_2.png]
[angfuzsoft.com/html/acadu/demo/index-8.html]
[angfuzsoft.com/html/acadu/demo/assets/img/breadcumb/breadcumb-bg.jpg]
[angfuzsoft.com/html/acadu/demo/assets/img/course/course_1_9.jpg]
[angfuzsoft.com/html/acadu/demo/assets/img/course/course_1_10.jpg]
[angfuzsoft.com/html/acadu/demo/assets/img/course/course_1_11.jpg]
[angfuzsoft.com/html/acadu/demo/assets/img/course/course_1_12.jpg]
[angfuzsoft.com/html/acadu/demo/assets/img/course/course_6_1.jpg]
[angfuzsoft.com/html/acadu/demo/assets/img/course/course_6_2.jpg]
[angfuzsoft.com/html/acadu/demo/assets/img/course/course_6_3.jpg]
[angfuzsoft.com/html/acadu/demo/assets/img/course/course_6_4.jpg]
[angfuzsoft.com/html/acadu/demo/assets/img/course/course_6_5.jpg]
[angfuzsoft.com/html/acadu/demo/course.html]
[angfuzsoft.com/html/acadu/demo/assets/img/course/video_1_1.jpg]
[angfuzsoft.com/html/acadu/demo/assets/img/course/video_1_2.jpg]
[angfuzsoft.com/html/acadu/demo/assets/img/course/video_1_3.jpg]
[angfuzsoft.com/html/acadu/demo/assets/img/course/video_1_4.jpg]
[angfuzsoft.com/html/acadu/demo/assets/img/course/video_1_5.jpg]
[angfuzsoft.com/html/acadu/demo/assets/img/course/video_1_6.jpg]
[angfuzsoft.com/html/acadu/demo/assets/img/course/video_1_7.jpg]
[angfuzsoft.com/html/acadu/demo/assets/img/course/video_1_9.jpg]
[angfuzsoft.com/html/acadu/demo/video-course.html]
[angfuzsoft.com/html/acadu/demo/assets/img/course/course_details.jpg]
[angfuzsoft.com/html/acadu/demo/assets/img/course/course_author.jpg]
[angfuzsoft.com/html/acadu/demo/assets/img/blog/comment-author-3.jpg]
[angfuzsoft.com/html/acadu/demo/assets/img/blog/comment-author-2.jpg]
[angfuzsoft.com/html/acadu/demo/assets/img/blog/comment-author-1.jpg]
[angfuzsoft.com/html/acadu/demo/assets/img/widget/video_1.jpg]
[angfuzsoft.com/html/acadu/demo/course-details.html]
[angfuzsoft.com/html/acadu/demo/assets/img/team/team_3_1.jpg]
[angfuzsoft.com/html/acadu/demo/assets/img/team/team_3_2.jpg]
[angfuzsoft.com/html/acadu/demo/assets/img/team/team_3_3.jpg]
[angfuzsoft.com/html/acadu/demo/assets/img/team/team_3_4.jpg]
[angfuzsoft.com/html/acadu/demo/assets/img/team/team_3_5.jpg]
[angfuzsoft.com/html/acadu/demo/assets/img/team/team_3_6.jpg]
[angfuzsoft.com/html/acadu/demo/assets/img/team/team_3_7.jpg]
[angfuzsoft.com/html/acadu/demo/assets/img/team/team_3_8.jpg]
[angfuzsoft.com/html/acadu/demo/team.html]
[angfuzsoft.com/html/acadu/demo/assets/img/team/team_details_1.jpg]
[angfuzsoft.com/html/acadu/demo/team-details.html]
[angfuzsoft.com/html/acadu/demo/shop.html]
[angfuzsoft.com/html/acadu/demo/assets/img/normal/about_5_3.jpg]
[angfuzsoft.com/html/acadu/demo/assets/img/normal/about_5_1.jpg]
[angfuzsoft.com/html/acadu/demo/assets/img/normal/about_5_2.jpg]
[angfuzsoft.com/html/acadu/demo/assets/img/normal/about_shape_2.png]
[angfuzsoft.com/html/acadu/demo/assets/img/brand/brand_1_1.png]
[angfuzsoft.com/html/acadu/demo/assets/img/brand/brand_1_2.png]
[angfuzsoft.com/html/acadu/demo/assets/img/brand/brand_1_3.png]
[angfuzsoft.com/html/acadu/demo/assets/img/brand/brand_1_4.png]
[angfuzsoft.com/html/acadu/demo/about.html]
[angfuzsoft.com/html/acadu/demo/assets/img/normal/about_6_2.jpg]
[angfuzsoft.com/html/acadu/demo/assets/img/normal/about_6_3.jpg]
[angfuzsoft.com/html/acadu/demo/assets/img/normal/about_6_1.jpg]
[angfuzsoft.com/html/acadu/demo/assets/img/bg/feature_bg_1.jpg]
[angfuzsoft.com/html/acadu/demo/assets/img/icon/feature_2_1.png]
[angfuzsoft.com/html/acadu/demo/assets/img/icon/feature_2_2.png]
[angfuzsoft.com/html/acadu/demo/assets/img/icon/feature_2_3.png]
[angfuzsoft.com/html/acadu/demo/assets/img/normal/video_2.jpg]
[angfuzsoft.com/html/acadu/demo/assets/img/bg/testi_bg_3.jpg]
[angfuzsoft.com/html/acadu/demo/about-2.html]
[angfuzsoft.com/html/acadu/demo/assets/img/blog/blog-s-1-1.jpg]
[angfuzsoft.com/html/acadu/demo/assets/img/blog/author-1-1.png]
[angfuzsoft.com/html/acadu/demo/assets/img/blog/blog-s-1-2.jpg]
[angfuzsoft.com/html/acadu/demo/assets/img/blog/blog-s-1-3.jpg]
[angfuzsoft.com/html/acadu/demo/assets/img/blog/blog-s-1-4.jpg]
[angfuzsoft.com/html/acadu/demo/assets/img/blog/recent-post-1-1.jpg]
[angfuzsoft.com/html/acadu/demo/assets/img/blog/recent-post-1-2.jpg]
[angfuzsoft.com/html/acadu/demo/assets/img/blog/recent-post-1-3.jpg]
[angfuzsoft.com/html/acadu/demo/assets/img/widget/gal-1-1.jpg]
[angfuzsoft.com/html/acadu/demo/assets/img/widget/gal-1-2.jpg]
[angfuzsoft.com/html/acadu/demo/assets/img/widget/gal-1-3.jpg]
[angfuzsoft.com/html/acadu/demo/assets/img/widget/gal-1-4.jpg]
[angfuzsoft.com/html/acadu/demo/assets/img/widget/gal-1-5.jpg]
[angfuzsoft.com/html/acadu/demo/assets/img/widget/gal-1-6.jpg]
[angfuzsoft.com/html/acadu/demo/blog.html]
[angfuzsoft.com/html/acadu/demo/assets/img/blog/blog-s-1-5.jpg]
[angfuzsoft.com/html/acadu/demo/blog-details.html]
[angfuzsoft.com/html/acadu/demo/assets/img/event/event_1_5.jpg]
[angfuzsoft.com/html/acadu/demo/assets/img/event/event_1_6.jpg]
[angfuzsoft.com/html/acadu/demo/assets/img/event/event_1_7.jpg]
[angfuzsoft.com/html/acadu/demo/assets/img/event/event_1_8.jpg]
[angfuzsoft.com/html/acadu/demo/event.html]
[angfuzsoft.com/html/acadu/demo/assets/img/event/event_details.jpg]
[angfuzsoft.com/html/acadu/demo/event-details.html]
[angfuzsoft.com/html/acadu/demo/assets/img/gallery/gallery_1_1.jpg]
[angfuzsoft.com/html/acadu/demo/assets/img/gallery/gallery_1_2.jpg]
[angfuzsoft.com/html/acadu/demo/assets/img/gallery/gallery_1_3.jpg]
[angfuzsoft.com/html/acadu/demo/assets/img/gallery/gallery_1_4.jpg]
[angfuzsoft.com/html/acadu/demo/assets/img/gallery/gallery_1_5.jpg]
[angfuzsoft.com/html/acadu/demo/assets/img/gallery/gallery_1_6.jpg]
[angfuzsoft.com/html/acadu/demo/gallery.html]
[angfuzsoft.com/html/acadu/demo/assets/img/bg/contact_bg_1.png]
[angfuzsoft.com/html/acadu/demo/contact.html]
[angfuzsoft.com/html/acadu/demo/shop-detailis.html]
[angfuzsoft.com/html/acadu/demo/cart.html]
[angfuzsoft.com/html/acadu/demo/shop-details.15c.delayed]
[angfuzsoft.com/html/acadu/demo/wishlist.html]
[angfuzsoft.com/html/acadu/demo/assets/img/bg/error_bg.png]
[angfuzsoft.com/html/acadu/demo/assets/img/normal/vector_error.png]
[angfuzsoft.com/html/acadu/demo/error.html]
[angfuzsoft.com/html/acadu/demo/course]
[angfuzsoft.com/html/acadu/demo/assets/img/cart/all.jpg]
[angfuzsoft.com/html/acadu/demo/assets/img/cart/paypal.jpg]
[angfuzsoft.com/html/acadu/demo/checkout.html]
[angfuzsoft.com/html/acadu/demo/service.html]
[angfuzsoft.com/html/acadu/demo/assets/img/logo-white.svg]
[angfuzsoft.com/html/acadu/demo/assets/img/logo-white3.svg]
[angfuzsoft.com/html/acadu/demo/assets/img/icon/category_2_1.svg]
[angfuzsoft.com/html/acadu/demo/assets/img/icon/hero_counter_1.svg]
[angfuzsoft.com/html/acadu/demo/assets/img/icon/hero_counter_2.svg]
[angfuzsoft.com/html/acadu/demo/shop-detailis.html]
[angfuzsoft.com/html/acadu/demo/shop-details.html]
